<?xml version="1.0" encoding="UTF-8"?>
<!-- Generated by org.testng.reporters.JUnitReportReporter -->
<testsuite hostname="DESKTOP-8LEQ49H" failures="0" tests="1" name="com.automation.UserTwoRegistrationAndBuy" time="55.454" errors="0" timestamp="2021-05-22T14:58:46 BDT" skipped="0">
  <testcase classname="com.automation.UserTwoRegistrationAndBuy" name="registrationAndBuy" time="55.454"/>
  <system-out/>
</testsuite> <!-- com.automation.UserTwoRegistrationAndBuy -->
