<?xml version="1.0" encoding="UTF-8"?>
<!-- Generated by org.testng.reporters.JUnitReportReporter -->
<testsuite hostname="DESKTOP-8LEQ49H" failures="0" tests="1" name="com.automation.UserOneRegistration" time="46.203" errors="0" timestamp="2021-05-22T14:58:46 BDT" skipped="0">
  <testcase classname="com.automation.UserOneRegistration" name="registration" time="46.203"/>
  <system-out/>
</testsuite> <!-- com.automation.UserOneRegistration -->
